Created temporary 'originsheettestfin.OpenFOAM'
I/O    : uncollated
--> FOAM Warning : 
    From function bool Foam::IOobject::readHeader(Foam::Istream&)
    in file db/IOobject/IOobjectReadHeader.C at line 88
    Reading "/home/dyfluid/OpenFOAM/dyfluid-7/run/originsheettestfin/constant/heatflux.csv" at line 1
    First token could not be read or is not the keyword 'FoamFile'

Check header is of the form:

/*--------------------------------*- C++ -*----------------------------------*\
  =========                 |
  \\      /  F ield         | OpenFOAM: The Open Source CFD Toolbox
   \\    /   O peration     | Website:  https://openfoam.org
    \\  /    A nd           | Version:  7
     \\/     M anipulation  |
\*---------------------------------------------------------------------------*/
FoamFile
{
    version     2.0;
    format      ascii;
    class       IOobject;
    location    "constant";
    object      heatflux.csv;
}
// * * * * * * * * * * * * * * * * * * * * * * * * * * * * * * * * * * * * * //

--> FOAM Warning : 
    From function bool Foam::IOobject::readHeader(Foam::Istream&)
    in file db/IOobject/IOobjectReadHeader.C at line 88
    Reading "/home/dyfluid/OpenFOAM/dyfluid-7/run/originsheettestfin/constant/heatflux.csv" at line 1
    First token could not be read or is not the keyword 'FoamFile'

Check header is of the form:

/*--------------------------------*- C++ -*----------------------------------*\
  =========                 |
  \\      /  F ield         | OpenFOAM: The Open Source CFD Toolbox
   \\    /   O peration     | Website:  https://openfoam.org
    \\  /    A nd           | Version:  7
     \\/     M anipulation  |
\*---------------------------------------------------------------------------*/
FoamFile
{
    version     2.0;
    format      ascii;
    class       IOobject;
    location    "constant";
    object      heatflux.csv;
}
// * * * * * * * * * * * * * * * * * * * * * * * * * * * * * * * * * * * * * //

--> FOAM Warning : 
    From function bool Foam::IOobject::readHeader(Foam::Istream&)
    in file db/IOobject/IOobjectReadHeader.C at line 88
    Reading "/home/dyfluid/OpenFOAM/dyfluid-7/run/originsheettestfin/constant/heatflux.csv" at line 1
    First token could not be read or is not the keyword 'FoamFile'

Check header is of the form:

/*--------------------------------*- C++ -*----------------------------------*\
  =========                 |
  \\      /  F ield         | OpenFOAM: The Open Source CFD Toolbox
   \\    /   O peration     | Website:  https://openfoam.org
    \\  /    A nd           | Version:  7
     \\/     M anipulation  |
\*---------------------------------------------------------------------------*/
FoamFile
{
    version     2.0;
    format      ascii;
    class       IOobject;
    location    "constant";
    object      heatflux.csv;
}
// * * * * * * * * * * * * * * * * * * * * * * * * * * * * * * * * * * * * * //

--> FOAM Warning : 
    From function bool Foam::IOobject::readHeader(Foam::Istream&)
    in file db/IOobject/IOobjectReadHeader.C at line 88
    Reading "/home/dyfluid/OpenFOAM/dyfluid-7/run/originsheettestfin/constant/heatflux.csv" at line 1
    First token could not be read or is not the keyword 'FoamFile'

Check header is of the form:

/*--------------------------------*- C++ -*----------------------------------*\
  =========                 |
  \\      /  F ield         | OpenFOAM: The Open Source CFD Toolbox
   \\    /   O peration     | Website:  https://openfoam.org
    \\  /    A nd           | Version:  7
     \\/     M anipulation  |
\*---------------------------------------------------------------------------*/
FoamFile
{
    version     2.0;
    format      ascii;
    class       IOobject;
    location    "constant";
    object      heatflux.csv;
}
// * * * * * * * * * * * * * * * * * * * * * * * * * * * * * * * * * * * * * //

--> FOAM Warning : 
    From function bool Foam::IOobject::readHeader(Foam::Istream&)
    in file db/IOobject/IOobjectReadHeader.C at line 88
    Reading "/home/dyfluid/OpenFOAM/dyfluid-7/run/originsheettestfin/constant/heatflux.csv" at line 1
    First token could not be read or is not the keyword 'FoamFile'

Check header is of the form:

/*--------------------------------*- C++ -*----------------------------------*\
  =========                 |
  \\      /  F ield         | OpenFOAM: The Open Source CFD Toolbox
   \\    /   O peration     | Website:  https://openfoam.org
    \\  /    A nd           | Version:  7
     \\/     M anipulation  |
\*---------------------------------------------------------------------------*/
FoamFile
{
    version     2.0;
    format      ascii;
    class       IOobject;
    location    "constant";
    object      heatflux.csv;
}
// * * * * * * * * * * * * * * * * * * * * * * * * * * * * * * * * * * * * * //

--> FOAM Warning : 
    From function bool Foam::IOobject::readHeader(Foam::Istream&)
    in file db/IOobject/IOobjectReadHeader.C at line 88
    Reading "/home/dyfluid/OpenFOAM/dyfluid-7/run/originsheettestfin/constant/heatflux.csv" at line 1
    First token could not be read or is not the keyword 'FoamFile'

Check header is of the form:

/*--------------------------------*- C++ -*----------------------------------*\
  =========                 |
  \\      /  F ield         | OpenFOAM: The Open Source CFD Toolbox
   \\    /   O peration     | Website:  https://openfoam.org
    \\  /    A nd           | Version:  7
     \\/     M anipulation  |
\*---------------------------------------------------------------------------*/
FoamFile
{
    version     2.0;
    format      ascii;
    class       IOobject;
    location    "constant";
    object      heatflux.csv;
}
// * * * * * * * * * * * * * * * * * * * * * * * * * * * * * * * * * * * * * //

--> FOAM Warning : 
    From function bool Foam::IOobject::readHeader(Foam::Istream&)
    in file db/IOobject/IOobjectReadHeader.C at line 88
    Reading "/home/dyfluid/OpenFOAM/dyfluid-7/run/originsheettestfin/constant/heatflux.csv" at line 1
    First token could not be read or is not the keyword 'FoamFile'

Check header is of the form:

/*--------------------------------*- C++ -*----------------------------------*\
  =========                 |
  \\      /  F ield         | OpenFOAM: The Open Source CFD Toolbox
   \\    /   O peration     | Website:  https://openfoam.org
    \\  /    A nd           | Version:  7
     \\/     M anipulation  |
\*---------------------------------------------------------------------------*/
FoamFile
{
    version     2.0;
    format      ascii;
    class       IOobject;
    location    "constant";
    object      heatflux.csv;
}
// * * * * * * * * * * * * * * * * * * * * * * * * * * * * * * * * * * * * * //

--> FOAM Warning : 
    From function bool Foam::IOobject::readHeader(Foam::Istream&)
    in file db/IOobject/IOobjectReadHeader.C at line 88
    Reading "/home/dyfluid/OpenFOAM/dyfluid-7/run/originsheettestfin/constant/heatflux.csv" at line 1
    First token could not be read or is not the keyword 'FoamFile'

Check header is of the form:

/*--------------------------------*- C++ -*----------------------------------*\
  =========                 |
  \\      /  F ield         | OpenFOAM: The Open Source CFD Toolbox
   \\    /   O peration     | Website:  https://openfoam.org
    \\  /    A nd           | Version:  7
     \\/     M anipulation  |
\*---------------------------------------------------------------------------*/
FoamFile
{
    version     2.0;
    format      ascii;
    class       IOobject;
    location    "constant";
    object      heatflux.csv;
}
// * * * * * * * * * * * * * * * * * * * * * * * * * * * * * * * * * * * * * //

